# JRE version: Java(TM) SE Runtime Environment (8.0_202-b08) (build 1.8.0_202-b08)
# Java VM: Java HotSpot(TM) 64-Bit Server VM (25.202-b08 mixed mode windows-amd64 compressed oops)
Heap:
 PSYoungGen      total 76288K, used 44869K [0x00000000f5580000, 0x00000000fea80000, 0x0000000100000000)
  eden space 65536K, 54% used [0x00000000f5580000,0x00000000f789fe00,0x00000000f9580000)
  from space 10752K, 82% used [0x00000000fa000000,0x00000000fa8b1600,0x00000000faa80000)
  to   space 10752K, 0% used [0x00000000f9580000,0x00000000f9580000,0x00000000fa000000)
 ParOldGen       total 175104K, used 24K [0x00000000e0000000, 0x00000000eab00000, 0x00000000f5580000)
  object space 175104K, 0% used [0x00000000e0000000,0x00000000e0006000,0x00000000eab00000)
 Metaspace       used 16684K, capacity 17282K, committed 17408K, reserved 1064960K
  class space    used 2344K, capacity 2505K, committed 2560K, reserved 1048576K
GC Heap History (4 events):
Event: 9.194 GC heap before
{Heap before GC invocations=1 (full 0):
 PSYoungGen      total 76288K, used 65536K [0x00000000f5580000, 0x00000000faa80000, 0x0000000100000000)
  eden space 65536K, 100% used [0x00000000f5580000,0x00000000f9580000,0x00000000f9580000)
  from space 10752K, 0% used [0x00000000fa000000,0x00000000fa000000,0x00000000faa80000)
  to   space 10752K, 0% used [0x00000000f9580000,0x00000000f9580000,0x00000000fa000000)
 ParOldGen       total 175104K, used 0K [0x00000000e0000000, 0x00000000eab00000, 0x00000000f5580000)
  object space 175104K, 0% used [0x00000000e0000000,0x00000000e0000000,0x00000000eab00000)
 Metaspace       used 7498K, capacity 7708K, committed 7936K, reserved 1056768K
  class space    used 944K, capacity 1020K, committed 1024K, reserved 1048576K
Event: 9.209 GC heap after
Heap after GC invocations=1 (full 0):
 PSYoungGen      total 76288K, used 5903K [0x00000000f5580000, 0x00000000faa80000, 0x0000000100000000)
  eden space 65536K, 0% used [0x00000000f5580000,0x00000000f5580000,0x00000000f9580000)
  from space 10752K, 54% used [0x00000000f9580000,0x00000000f9b43e08,0x00000000fa000000)
  to   space 10752K, 0% used [0x00000000fa000000,0x00000000fa000000,0x00000000faa80000)
 ParOldGen       total 175104K, used 8K [0x00000000e0000000, 0x00000000eab00000, 0x00000000f5580000)
  object space 175104K, 0% used [0x00000000e0000000,0x00000000e0002000,0x00000000eab00000)
 Metaspace       used 7498K, capacity 7708K, committed 7936K, reserved 1056768K
  class space    used 944K, capacity 1020K, committed 1024K, reserved 1048576K
}
Event: 34.722 GC heap before
{Heap before GC invocations=2 (full 0):
 PSYoungGen      total 76288K, used 71439K [0x00000000f5580000, 0x00000000faa80000, 0x0000000100000000)
  eden space 65536K, 100% used [0x00000000f5580000,0x00000000f9580000,0x00000000f9580000)
  from space 10752K, 54% used [0x00000000f9580000,0x00000000f9b43e08,0x00000000fa000000)
  to   space 10752K, 0% used [0x00000000fa000000,0x00000000fa000000,0x00000000faa80000)
 ParOldGen       total 175104K, used 8K [0x00000000e0000000, 0x00000000eab00000, 0x00000000f5580000)
  object space 175104K, 0% used [0x00000000e0000000,0x00000000e0002000,0x00000000eab00000)
 Metaspace       used 13920K, capacity 14302K, committed 14336K, reserved 1060864K
  class space    used 1910K, capacity 2029K, committed 2048K, reserved 1048576K
Event: 36.672 GC heap after
Heap after GC invocations=2 (full 0):
 PSYoungGen      total 76288K, used 8901K [0x00000000f5580000, 0x00000000fea80000, 0x0000000100000000)
  eden space 65536K, 0% used [0x00000000f5580000,0x00000000f5580000,0x00000000f9580000)
  from space 10752K, 82% used [0x00000000fa000000,0x00000000fa8b1600,0x00000000faa80000)
  to   space 10752K, 0% used [0x00000000f9580000,0x00000000f9580000,0x00000000fa000000)
 ParOldGen       total 175104K, used 24K [0x00000000e0000000, 0x00000000eab00000, 0x00000000f5580000)
  object space 175104K, 0% used [0x00000000e0000000,0x00000000e0006000,0x00000000eab00000)
 Metaspace       used 13920K, capacity 14302K, committed 14336K, reserved 1060864K
  class space    used 1910K, capacity 2029K, committed 2048K, reserved 1048576K
}

