# JRE version: Java(TM) SE Runtime Environment (8.0_202-b08) (build 1.8.0_202-b08)
# Java VM: Java HotSpot(TM) 64-Bit Server VM (25.202-b08 mixed mode windows-amd64 compressed oops)
Heap:
 PSYoungGen      total 76288K, used 54421K [0x00000000f5580000, 0x00000000fea80000, 0x0000000100000000)
  eden space 65536K, 66% used [0x00000000f5580000,0x00000000f804ae28,0x00000000f9580000)
  from space 10752K, 98% used [0x00000000f9580000,0x00000000f9fda948,0x00000000fa000000)
  to   space 10752K, 0% used [0x00000000fe000000,0x00000000fe000000,0x00000000fea80000)
 ParOldGen       total 175104K, used 24K [0x00000000e0000000, 0x00000000eab00000, 0x00000000f5580000)
  object space 175104K, 0% used [0x00000000e0000000,0x00000000e0006000,0x00000000eab00000)
 Metaspace       used 20193K, capacity 21090K, committed 21120K, reserved 1067008K
  class space    used 2959K, capacity 3175K, committed 3200K, reserved 1048576K
GC Heap History (6 events):
Event: 11.424 GC heap before
{Heap before GC invocations=1 (full 0):
 PSYoungGen      total 76288K, used 65536K [0x00000000f5580000, 0x00000000faa80000, 0x0000000100000000)
  eden space 65536K, 100% used [0x00000000f5580000,0x00000000f9580000,0x00000000f9580000)
  from space 10752K, 0% used [0x00000000fa000000,0x00000000fa000000,0x00000000faa80000)
  to   space 10752K, 0% used [0x00000000f9580000,0x00000000f9580000,0x00000000fa000000)
 ParOldGen       total 175104K, used 0K [0x00000000e0000000, 0x00000000eab00000, 0x00000000f5580000)
  object space 175104K, 0% used [0x00000000e0000000,0x00000000e0000000,0x00000000eab00000)
 Metaspace       used 7501K, capacity 7708K, committed 7936K, reserved 1056768K
  class space    used 943K, capacity 1020K, committed 1024K, reserved 1048576K
Event: 11.446 GC heap after
Heap after GC invocations=1 (full 0):
 PSYoungGen      total 76288K, used 5917K [0x00000000f5580000, 0x00000000faa80000, 0x0000000100000000)
  eden space 65536K, 0% used [0x00000000f5580000,0x00000000f5580000,0x00000000f9580000)
  from space 10752K, 55% used [0x00000000f9580000,0x00000000f9b47538,0x00000000fa000000)
  to   space 10752K, 0% used [0x00000000fa000000,0x00000000fa000000,0x00000000faa80000)
 ParOldGen       total 175104K, used 8K [0x00000000e0000000, 0x00000000eab00000, 0x00000000f5580000)
  object space 175104K, 0% used [0x00000000e0000000,0x00000000e0002000,0x00000000eab00000)
 Metaspace       used 7501K, capacity 7708K, committed 7936K, reserved 1056768K
  class space    used 943K, capacity 1020K, committed 1024K, reserved 1048576K
}
Event: 31.415 GC heap before
{Heap before GC invocations=2 (full 0):
 PSYoungGen      total 76288K, used 71453K [0x00000000f5580000, 0x00000000faa80000, 0x0000000100000000)
  eden space 65536K, 100% used [0x00000000f5580000,0x00000000f9580000,0x00000000f9580000)
  from space 10752K, 55% used [0x00000000f9580000,0x00000000f9b47538,0x00000000fa000000)
  to   space 10752K, 0% used [0x00000000fa000000,0x00000000fa000000,0x00000000faa80000)
 ParOldGen       total 175104K, used 8K [0x00000000e0000000, 0x00000000eab00000, 0x00000000f5580000)
  object space 175104K, 0% used [0x00000000e0000000,0x00000000e0002000,0x00000000eab00000)
 Metaspace       used 13907K, capacity 14302K, committed 14336K, reserved 1060864K
  class space    used 1907K, capacity 2029K, committed 2048K, reserved 1048576K
Event: 31.515 GC heap after
Heap after GC invocations=2 (full 0):
 PSYoungGen      total 76288K, used 8946K [0x00000000f5580000, 0x00000000faa80000, 0x0000000100000000)
  eden space 65536K, 0% used [0x00000000f5580000,0x00000000f5580000,0x00000000f9580000)
  from space 10752K, 83% used [0x00000000fa000000,0x00000000fa8bcbf0,0x00000000faa80000)
  to   space 10752K, 0% used [0x00000000f9580000,0x00000000f9580000,0x00000000fa000000)
 ParOldGen       total 175104K, used 16K [0x00000000e0000000, 0x00000000eab00000, 0x00000000f5580000)
  object space 175104K, 0% used [0x00000000e0000000,0x00000000e0004000,0x00000000eab00000)
 Metaspace       used 13907K, capacity 14302K, committed 14336K, reserved 1060864K
  class space    used 1907K, capacity 2029K, committed 2048K, reserved 1048576K
}
Event: 48.484 GC heap before
{Heap before GC invocations=3 (full 0):
 PSYoungGen      total 76288K, used 74482K [0x00000000f5580000, 0x00000000faa80000, 0x0000000100000000)
  eden space 65536K, 100% used [0x00000000f5580000,0x00000000f9580000,0x00000000f9580000)
  from space 10752K, 83% used [0x00000000fa000000,0x00000000fa8bcbf0,0x00000000faa80000)
  to   space 10752K, 0% used [0x00000000f9580000,0x00000000f9580000,0x00000000fa000000)
 ParOldGen       total 175104K, used 16K [0x00000000e0000000, 0x00000000eab00000, 0x00000000f5580000)
  object space 175104K, 0% used [0x00000000e0000000,0x00000000e0004000,0x00000000eab00000)
 Metaspace       used 18508K, capacity 19328K, committed 19584K, reserved 1067008K
  class space    used 2666K, capacity 2860K, committed 2944K, reserved 1048576K
Event: 49.923 GC heap after
Heap after GC invocations=3 (full 0):
 PSYoungGen      total 76288K, used 10602K [0x00000000f5580000, 0x00000000fea80000, 0x0000000100000000)
  eden space 65536K, 0% used [0x00000000f5580000,0x00000000f5580000,0x00000000f9580000)
  from space 10752K, 98% used [0x00000000f9580000,0x00000000f9fda948,0x00000000fa000000)
  to   space 10752K, 0% used [0x00000000fe000000,0x00000000fe000000,0x00000000fea80000)
 ParOldGen       total 175104K, used 24K [0x00000000e0000000, 0x00000000eab00000, 0x00000000f5580000)
  object space 175104K, 0% used [0x00000000e0000000,0x00000000e0006000,0x00000000eab00000)
 Metaspace       used 18508K, capacity 19328K, committed 19584K, reserved 1067008K
  class space    used 2666K, capacity 2860K, committed 2944K, reserved 1048576K
}

